-----------------------------------
|         RULESET SELECTION       |
-----------------------------------
| Base rules are always active.   |
| Toggle optional rules below.    |
-----------------------------------
-----
| 1 | King cannot land on starting Moscovite squares
-----
-----
| 2 | King cannot move more than 4 squares
-----
-----
| 3 | King must reach a corner to win
-----
-----
| 0 | Done - start with current ruleset
-----

Active rules : [ NORMAL ]
* Toggle a rule (1-3) or 0 to start --> 
Active rules : [ NORMAL, 2 ]
* Toggle a rule (1-3) or 0 to start --> 
-----------------------------------
|     BOT SELECTION FOR GREEN     |
-----------------------------------
-----
| 0 | Negamax
-----
-----
| 1 | Monte-Carlo
-----
-----
| 2 | Nega-Monte-Carlo
-----

* Enter your selection --> 
* Enter the bot level (between 0 and 10) --> 

-----------------------------------
|     BOT SELECTION FOR YELLOW    |
-----------------------------------
-----
| 0 | Negamax
-----
-----
| 1 | Monte-Carlo
-----
-----
| 2 | Nega-Monte-Carlo
-----

* Enter your selection --> 
* Enter the bot level (between 0 and 10) --> 

Yellow makes the first move
computer1                                               
    A     B     C     D     E     F     G     H     I   
 ╔═════╦═════╦═════╦═════╦═════╦═════╦═════╦═════╦═════╗
1║     ║     ║     ║  [40m[0;93m[43mM[0m  ║  [40m[0;93m[43mM[0m  ║  [40m[0;93m[43mM[0m  ║     ║     ║     ║
 ╠═════╬═════╬═════╬═════╬═════╬═════╬═════╬═════╬═════╣
2║     ║     ║     ║     ║  [40m[0;93m[43mM[0m  ║     ║     ║     ║     ║
 ╠═════╬═════╬═════╬═════╬═════╬═════╬═════╬═════╬═════╣
3║     ║     ║     ║     ║  [40m[0;92m[42mS[0m  ║     ║     ║     ║     ║
 ╠═════╬═════╬═════╬═════╬═════╬═════╬═════╬═════╬═════╣
4║  [40m[0;93m[43mM[0m  ║     ║     ║     ║  [40m[0;92m[42mS[0m  ║     ║     ║     ║  [40m[0;93m[43mM[0m  ║
 ╠═════╬═════╬═════╬═════╬═════╬═════╬═════╬═════╬═════╣
5║  [40m[0;93m[43mM[0m  ║  [40m[0;93m[43mM[0m  ║  [40m[0;92m[42mS[0m  ║  [40m[0;92m[42mS[0m  ║  [40m[1;92m[0;104mK[0m  ║  [40m[0;92m[42mS[0m  ║  [40m[0;92m[42mS[0m  ║  [40m[0;93m[43mM[0m  ║  [40m[0;93m[43mM[0m  ║
 ╠═════╬═════╬═════╬═════╬═════╬═════╬═════╬═════╬═════╣
6║  [40m[0;93m[43mM[0m  ║     ║     ║     ║  [40m[0;92m[42mS[0m  ║     ║     ║     ║  [40m[0;93m[43mM[0m  ║
 ╠═════╬═════╬═════╬═════╬═════╬═════╬═════╬═════╬═════╣
7║     ║     ║     ║     ║  [40m[0;92m[42mS[0m  ║     ║     ║     ║     ║
 ╠═════╬═════╬═════╬═════╬═════╬═════╬═════╬═════╬═════╣
8║     ║     ║     ║     ║  [40m[0;93m[43mM[0m  ║     ║     ║     ║     ║
 ╠═════╬═════╬═════╬═════╬═════╬═════╬═════╬═════╬═════╣
9║     ║     ║     ║  [40m[0;93m[43mM[0m  ║  [40m[0;93m[43mM[0m  ║  [40m[0;93m[43mM[0m  ║     ║     ║     ║
 ╚═════╩═════╩═════╩═════╩═════╩═════╩═════╩═════╩═════╝
computer1                                               
    A     B     C     D     E     F     G     H     I   
 ╔═════╦═════╦═════╦═════╦═════╦═════╦═════╦═════╦═════╗
1║     ║     ║     ║  [40m[0;93m[43mM[0m  ║  [40m[0;93m[43mM[0m  ║  [40m[0;93m[43mM[0m  ║     ║     ║     ║
 ╠═════╬═════╬═════╬═════╬═════╬═════╬═════╬═════╬═════╣
2║     ║     ║     ║     ║  [40m[0;93m[43mM[0m  ║     ║     ║     ║     ║
 ╠═════╬═════╬═════╬═════╬═════╬═════╬═════╬═════╬═════╣
3║     ║     ║     ║     ║  [40m[0;92m[42mS[0m  ║     ║     ║     ║     ║
 ╠═════╬═════╬═════╬═════╬═════╬═════╬═════╬═════╬═════╣
4║  [40m[0;93m[43mM[0m  ║     ║     ║     ║  [40m[0;92m[42mS[0m  ║     ║     ║     ║  [40m[0;93m[43mM[0m  ║
 ╠═════╬═════╬═════╬═════╬═════╬═════╬═════╬═════╬═════╣
5║  [40m[0;93m[43mM[0m  ║  [40m[0;93m[43mM[0m  ║  [40m[0;92m[42mS[0m  ║  [40m[0;92m[42mS[0m  ║  [40m[1;92m[0;104mK[0m  ║  [40m[0;92m[42mS[0m  ║  [40m[0;92m[42mS[0m  ║  [40m[0;93m[43mM[0m  ║  [40m[0;93m[43mM[0m  ║
 ╠═════╬═════╬═════╬═════╬═════╬═════╬═════╬═════╬═════╣
6║  [40m[0;93m[43mM[0m  ║     ║     ║     ║  [40m[0;92m[42mS[0m  ║  [40m[0;93m[43mM[0m  ║     ║     ║  [40m[0;93m[43mM[0m  ║
 ╠═════╬═════╬═════╬═════╬═════╬═════╬═════╬═════╬═════╣
7║     ║     ║     ║     ║  [40m[0;92m[42mS[0m  ║     ║     ║     ║     ║
 ╠═════╬═════╬═════╬═════╬═════╬═════╬═════╬═════╬═════╣
8║     ║     ║     ║     ║  [40m[0;93m[43mM[0m  ║     ║     ║     ║     ║
 ╠═════╬═════╬═════╬═════╬═════╬═════╬═════╬═════╬═════╣
9║     ║     ║     ║  [40m[0;93m[43mM[0m  ║  [40m[0;93m[43mM[0m  ║     ║     ║     ║     ║
 ╚═════╩═════╩═════╩═════╩═════╩═════╩═════╩═════╩═════╝
computer2                                               
    A     B     C     D     E     F     G     H     I   
 ╔═════╦═════╦═════╦═════╦═════╦═════╦═════╦═════╦═════╗
1║     ║     ║     ║  [40m[0;93m[43mM[0m  ║  [40m[0;93m[43mM[0m  ║  [40m[0;93m[43mM[0m  ║     ║     ║     ║
 ╠═════╬═════╬═════╬═════╬═════╬═════╬═════╬═════╬═════╣
2║     ║     ║     ║     ║  [40m[0;93m[43mM[0m  ║     ║     ║     ║     ║
 ╠═════╬═════╬═════╬═════╬═════╬═════╬═════╬═════╬═════╣
3║     ║     ║     ║     ║  [40m[0;92m[42mS[0m  ║     ║     ║     ║     ║
 ╠═════╬═════╬═════╬═════╬═════╬═════╬═════╬═════╬═════╣
4║  [40m[0;93m[43mM[0m  ║     ║     ║     ║  [40m[0;92m[42mS[0m  ║     ║     ║     ║  [40m[0;93m[43mM[0m  ║
 ╠═════╬═════╬═════╬═════╬═════╬═════╬═════╬═════╬═════╣
5║  [40m[0;93m[43mM[0m  ║  [40m[0;93m[43mM[0m  ║  [40m[0;92m[42mS[0m  ║  [40m[0;92m[42mS[0m  ║  [40m[1;92m[0;104mK[0m  ║  [40m[0;92m[42mS[0m  ║     ║  [40m[0;93m[43mM[0m  ║  [40m[0;93m[43mM[0m  ║
 ╠═════╬═════╬═════╬═════╬═════╬═════╬═════╬═════╬═════╣
6║  [40m[0;93m[43mM[0m  ║     ║     ║     ║  [40m[0;92m[42mS[0m  ║     ║  [40m[0;92m[42mS[0m  ║     ║  [40m[0;93m[43mM[0m  ║
 ╠═════╬═════╬═════╬═════╬═════╬═════╬═════╬═════╬═════╣
7║     ║     ║     ║     ║  [40m[0;92m[42mS[0m  ║     ║     ║     ║     ║
 ╠═════╬═════╬═════╬═════╬═════╬═════╬═════╬═════╬═════╣
8║     ║     ║     ║     ║  [40m[0;93m[43mM[0m  ║     ║     ║     ║     ║
 ╠═════╬═════╬═════╬═════╬═════╬═════╬═════╬═════╬═════╣
9║     ║     ║     ║  [40m[0;93m[43mM[0m  ║  [40m[0;93m[43mM[0m  ║     ║     ║     ║     ║
 ╚═════╩═════╩═════╩═════╩═════╩═════╩═════╩═════╩═════╝
computer1                                               
    A     B     C     D     E     F     G     H     I   
 ╔═════╦═════╦═════╦═════╦═════╦═════╦═════╦═════╦═════╗
1║     ║     ║     ║  [40m[0;93m[43mM[0m  ║  [40m[0;93m[43mM[0m  ║  [40m[0;93m[43mM[0m  ║     ║     ║     ║
 ╠═════╬═════╬═════╬═════╬═════╬═════╬═════╬═════╬═════╣
2║     ║     ║     ║     ║  [40m[0;93m[43mM[0m  ║     ║     ║     ║     ║
 ╠═════╬═════╬═════╬═════╬═════╬═════╬═════╬═════╬═════╣
3║     ║     ║     ║     ║  [40m[0;92m[42mS[0m  ║     ║     ║     ║     ║
 ╠═════╬═════╬═════╬═════╬═════╬═════╬═════╬═════╬═════╣
4║  [40m[0;93m[43mM[0m  ║     ║     ║     ║  [40m[0;92m[42mS[0m  ║     ║     ║     ║  [40m[0;93m[43mM[0m  ║
 ╠═════╬═════╬═════╬═════╬═════╬═════╬═════╬═════╬═════╣
5║  [40m[0;93m[43mM[0m  ║  [40m[0;93m[43mM[0m  ║  [40m[0;92m[42mS[0m  ║  [40m[0;92m[42mS[0m  ║  [40m[1;92m[0;104mK[0m  ║  [40m[0;92m[42mS[0m  ║  [40m[0;93m[43mM[0m  ║     ║  [40m[0;93m[43mM[0m  ║
 ╠═════╬═════╬═════╬═════╬═════╬═════╬═════╬═════╬═════╣
6║  [40m[0;93m[43mM[0m  ║     ║     ║     ║  [40m[0;92m[42mS[0m  ║     ║  [40m[0;92m[42mS[0m  ║     ║  [40m[0;93m[43mM[0m  ║
 ╠═════╬═════╬═════╬═════╬═════╬═════╬═════╬═════╬═════╣
7║     ║     ║     ║     ║  [40m[0;92m[42mS[0m  ║     ║     ║     ║     ║
 ╠═════╬═════╬═════╬═════╬═════╬═════╬═════╬═════╬═════╣
8║     ║     ║     ║     ║  [40m[0;93m[43mM[0m  ║     ║     ║     ║     ║
 ╠═════╬═════╬═════╬═════╬═════╬═════╬═════╬═════╬═════╣
9║     ║     ║     ║  [40m[0;93m[43mM[0m  ║  [40m[0;93m[43mM[0m  ║     ║     ║     ║     ║
 ╚═════╩═════╩═════╩═════╩═════╩═════╩═════╩═════╩═════╝
computer2                                               
    A     B     C     D     E     F     G     H     I   
 ╔═════╦═════╦═════╦═════╦═════╦═════╦═════╦═════╦═════╗
1║     ║     ║     ║  [40m[0;93m[43mM[0m  ║  [40m[0;93m[43mM[0m  ║  [40m[0;93m[43mM[0m  ║     ║     ║     ║
 ╠═════╬═════╬═════╬═════╬═════╬═════╬═════╬═════╬═════╣
2║     ║     ║     ║     ║  [40m[0;93m[43mM[0m  ║     ║     ║     ║     ║
 ╠═════╬═════╬═════╬═════╬═════╬═════╬═════╬═════╬═════╣
3║     ║     ║     ║     ║  [40m[0;92m[42mS[0m  ║     ║     ║     ║     ║
 ╠═════╬═════╬═════╬═════╬═════╬═════╬═════╬═════╬═════╣
4║  [40m[0;93m[43mM[0m  ║     ║     ║     ║  [40m[0;92m[42mS[0m  ║     ║     ║     ║  [40m[0;93m[43mM[0m  ║
 ╠═════╬═════╬═════╬═════╬═════╬═════╬═════╬═════╬═════╣
5║  [40m[0;93m[43mM[0m  ║  [40m[0;93m[43mM[0m  ║  [40m[0;92m[42mS[0m  ║  [40m[0;92m[42mS[0m  ║  [40m[1;92m[0;104mK[0m  ║  [40m[0;92m[42mS[0m  ║  [40m[0;93m[43mM[0m  ║     ║  [40m[0;93m[43mM[0m  ║
 ╠═════╬═════╬═════╬═════╬═════╬═════╬═════╬═════╬═════╣
6║  [40m[0;93m[43mM[0m  ║     ║     ║     ║  [40m[0;92m[42mS[0m  ║     ║     ║  [40m[0;92m[42mS[0m  ║  [40m[0;93m[43mM[0m  ║
 ╠═════╬═════╬═════╬═════╬═════╬═════╬═════╬═════╬═════╣
7║     ║     ║     ║     ║  [40m[0;92m[42mS[0m  ║     ║     ║     ║     ║
 ╠═════╬═════╬═════╬═════╬═════╬═════╬═════╬═════╬═════╣
8║     ║     ║     ║     ║  [40m[0;93m[43mM[0m  ║     ║     ║     ║     ║
 ╠═════╬═════╬═════╬═════╬═════╬═════╬═════╬═════╬═════╣
9║     ║     ║     ║  [40m[0;93m[43mM[0m  ║  [40m[0;93m[43mM[0m  ║     ║     ║     ║     ║
 ╚═════╩═════╩═════╩═════╩═════╩═════╩═════╩═════╩═════╝
computer1                                               
    A     B     C     D     E     F     G     H     I   
 ╔═════╦═════╦═════╦═════╦═════╦═════╦═════╦═════╦═════╗
1║     ║     ║     ║  [40m[0;93m[43mM[0m  ║  [40m[0;93m[43mM[0m  ║  [40m[0;93m[43mM[0m  ║     ║     ║     ║
 ╠═════╬═════╬═════╬═════╬═════╬═════╬═════╬═════╬═════╣
2║     ║     ║     ║     ║  [40m[0;93m[43mM[0m  ║     ║     ║     ║     ║
 ╠═════╬═════╬═════╬═════╬═════╬═════╬═════╬═════╬═════╣
3║     ║     ║     ║     ║  [40m[0;92m[42mS[0m  ║     ║     ║     ║     ║
 ╠═════╬═════╬═════╬═════╬═════╬═════╬═════╬═════╬═════╣
4║  [40m[0;93m[43mM[0m  ║     ║     ║     ║  [40m[0;92m[42mS[0m  ║     ║     ║     ║  [40m[0;93m[43mM[0m  ║
 ╠═════╬═════╬═════╬═════╬═════╬═════╬═════╬═════╬═════╣
5║  [40m[0;93m[43mM[0m  ║  [40m[0;93m[43mM[0m  ║  [40m[0;92m[42mS[0m  ║  [40m[0;92m[42mS[0m  ║  [40m[1;92m[0;104mK[0m  ║  [40m[0;92m[42mS[0m  ║     ║     ║  [40m[0;93m[43mM[0m  ║
 ╠═════╬═════╬═════╬═════╬═════╬═════╬═════╬═════╬═════╣
6║  [40m[0;93m[43mM[0m  ║     ║     ║     ║  [40m[0;92m[42mS[0m  ║     ║     ║  [40m[0;92m[42mS[0m  ║  [40m[0;93m[43mM[0m  ║
 ╠═════╬═════╬═════╬═════╬═════╬═════╬═════╬═════╬═════╣
7║     ║     ║     ║     ║  [40m[0;92m[42mS[0m  ║     ║     ║     ║     ║
 ╠═════╬═════╬═════╬═════╬═════╬═════╬═════╬═════╬═════╣
8║     ║     ║     ║     ║  [40m[0;93m[43mM[0m  ║     ║     ║     ║     ║
 ╠═════╬═════╬═════╬═════╬═════╬═════╬═════╬═════╬═════╣
9║     ║     ║     ║  [40m[0;93m[43mM[0m  ║  [40m[0;93m[43mM[0m  ║     ║  [40m[0;93m[43mM[0m  ║     ║     ║
 ╚═════╩═════╩═════╩═════╩═════╩═════╩═════╩═════╩═════╝
computer2                                               
    A     B     C     D     E     F     G     H     I   
 ╔═════╦═════╦═════╦═════╦═════╦═════╦═════╦═════╦═════╗
1║     ║     ║     ║  [40m[0;93m[43mM[0m  ║  [40m[0;93m[43mM[0m  ║  [40m[0;93m[43mM[0m  ║     ║     ║     ║
 ╠═════╬═════╬═════╬═════╬═════╬═════╬═════╬═════╬═════╣
2║     ║     ║     ║     ║  [40m[0;93m[43mM[0m  ║     ║     ║     ║     ║
 ╠═════╬═════╬═════╬═════╬═════╬═════╬═════╬═════╬═════╣
3║     ║     ║     ║     ║  [40m[0;92m[42mS[0m  ║     ║     ║     ║     ║
 ╠═════╬═════╬═════╬═════╬═════╬═════╬═════╬═════╬═════╣
4║  [40m[0;93m[43mM[0m  ║     ║     ║     ║  [40m[0;92m[42mS[0m  ║  [40m[0;92m[42mS[0m  ║     ║     ║  [40m[0;93m[43mM[0m  ║
 ╠═════╬═════╬═════╬═════╬═════╬═════╬═════╬═════╬═════╣
5║  [40m[0;93m[43mM[0m  ║  [40m[0;93m[43mM[0m  ║  [40m[0;92m[42mS[0m  ║  [40m[0;92m[42mS[0m  ║  [40m[1;92m[0;104mK[0m  ║     ║     ║     ║  [40m[0;93m[43mM[0m  ║
 ╠═════╬═════╬═════╬═════╬═════╬═════╬═════╬═════╬═════╣
6║  [40m[0;93m[43mM[0m  ║     ║     ║     ║  [40m[0;92m[42mS[0m  ║     ║     ║  [40m[0;92m[42mS[0m  ║  [40m[0;93m[43mM[0m  ║
 ╠═════╬═════╬═════╬═════╬═════╬═════╬═════╬═════╬═════╣
7║     ║     ║     ║     ║  [40m[0;92m[42mS[0m  ║     ║     ║     ║     ║
 ╠═════╬═════╬═════╬═════╬═════╬═════╬═════╬═════╬═════╣
8║     ║     ║     ║     ║  [40m[0;93m[43mM[0m  ║     ║     ║     ║     ║
 ╠═════╬═════╬═════╬═════╬═════╬═════╬═════╬═════╬═════╣
9║     ║     ║     ║  [40m[0;93m[43mM[0m  ║  [40m[0;93m[43mM[0m  ║     ║  [40m[0;93m[43mM[0m  ║     ║     ║
 ╚═════╩═════╩═════╩═════╩═════╩═════╩═════╩═════╩═════╝
computer1                                               
    A     B     C     D     E     F     G     H     I   
 ╔═════╦═════╦═════╦═════╦═════╦═════╦═════╦═════╦═════╗
1║     ║     ║     ║  [40m[0;93m[43mM[0m  ║  [40m[0;93m[43mM[0m  ║  [40m[0;93m[43mM[0m  ║     ║     ║     ║
 ╠═════╬═════╬═════╬═════╬═════╬═════╬═════╬═════╬═════╣
2║     ║     ║     ║     ║  [40m[0;93m[43mM[0m  ║     ║     ║     ║     ║
 ╠═════╬═════╬═════╬═════╬═════╬═════╬═════╬═════╬═════╣
3║     ║     ║     ║     ║  [40m[0;92m[42mS[0m  ║     ║     ║     ║     ║
 ╠═════╬═════╬═════╬═════╬═════╬═════╬═════╬═════╬═════╣
4║  [40m[0;93m[43mM[0m  ║     ║     ║     ║  [40m[0;92m[42mS[0m  ║  [40m[0;92m[42mS[0m  ║     ║     ║  [40m[0;93m[43mM[0m  ║
 ╠═════╬═════╬═════╬═════╬═════╬═════╬═════╬═════╬═════╣
5║  [40m[0;93m[43mM[0m  ║  [40m[0;93m[43mM[0m  ║  [40m[0;92m[42mS[0m  ║  [40m[0;92m[42mS[0m  ║  [40m[1;92m[0;104mK[0m  ║     ║     ║     ║  [40m[0;93m[43mM[0m  ║
 ╠═════╬═════╬═════╬═════╬═════╬═════╬═════╬═════╬═════╣
6║  [40m[0;93m[43mM[0m  ║     ║     ║     ║  [40m[0;92m[42mS[0m  ║     ║     ║  [40m[0;92m[42mS[0m  ║  [40m[0;93m[43mM[0m  ║
 ╠═════╬═════╬═════╬═════╬═════╬═════╬═════╬═════╬═════╣
7║     ║     ║     ║     ║  [40m[0;92m[42mS[0m  ║     ║  [40m[0;93m[43mM[0m  ║     ║     ║
 ╠═════╬═════╬═════╬═════╬═════╬═════╬═════╬═════╬═════╣
8║     ║     ║     ║     ║  [40m[0;93m[43mM[0m  ║     ║     ║     ║     ║
 ╠═════╬═════╬═════╬═════╬═════╬═════╬═════╬═════╬═════╣
9║     ║     ║     ║  [40m[0;93m[43mM[0m  ║  [40m[0;93m[43mM[0m  ║     ║     ║     ║     ║
 ╚═════╩═════╩═════╩═════╩═════╩═════╩═════╩═════╩═════╝

Player 1 : Raichi

computer2                                               
    A     B     C     D     E     F     G     H     I   
 ╔═════╦═════╦═════╦═════╦═════╦═════╦═════╦═════╦═════╗
1║     ║     ║     ║  [40m[0;93m[43mM[0m  ║  [40m[0;93m[43mM[0m  ║  [40m[0;93m[43mM[0m  ║     ║     ║     ║
 ╠═════╬═════╬═════╬═════╬═════╬═════╬═════╬═════╬═════╣
2║     ║     ║     ║     ║  [40m[0;93m[43mM[0m  ║     ║     ║     ║     ║
 ╠═════╬═════╬═════╬═════╬═════╬═════╬═════╬═════╬═════╣
3║     ║     ║     ║     ║  [40m[0;92m[42mS[0m  ║     ║     ║     ║     ║
 ╠═════╬═════╬═════╬═════╬═════╬═════╬═════╬═════╬═════╣
4║  [40m[0;93m[43mM[0m  ║     ║     ║     ║  [40m[0;92m[42mS[0m  ║  [40m[0;92m[42mS[0m  ║     ║     ║  [40m[0;93m[43mM[0m  ║
 ╠═════╬═════╬═════╬═════╬═════╬═════╬═════╬═════╬═════╣
5║  [40m[0;93m[43mM[0m  ║  [40m[0;93m[43mM[0m  ║  [40m[0;92m[42mS[0m  ║  [40m[0;92m[42mS[0m  ║     ║     ║     ║  [40m[1;92m[0;104mK[0m  ║  [40m[0;93m[43mM[0m  ║
 ╠═════╬═════╬═════╬═════╬═════╬═════╬═════╬═════╬═════╣
6║  [40m[0;93m[43mM[0m  ║     ║     ║     ║  [40m[0;92m[42mS[0m  ║     ║     ║  [40m[0;92m[42mS[0m  ║  [40m[0;93m[43mM[0m  ║
 ╠═════╬═════╬═════╬═════╬═════╬═════╬═════╬═════╬═════╣
7║     ║     ║     ║     ║  [40m[0;92m[42mS[0m  ║     ║  [40m[0;93m[43mM[0m  ║     ║     ║
 ╠═════╬═════╬═════╬═════╬═════╬═════╬═════╬═════╬═════╣
8║     ║     ║     ║     ║  [40m[0;93m[43mM[0m  ║     ║     ║     ║     ║
 ╠═════╬═════╬═════╬═════╬═════╬═════╬═════╬═════╬═════╣
9║     ║     ║     ║  [40m[0;93m[43mM[0m  ║  [40m[0;93m[43mM[0m  ║     ║     ║     ║     ║
 ╚═════╩═════╩═════╩═════╩═════╩═════╩═════╩═════╩═════╝

Player 1 : Raichi

computer1                                               
    A     B     C     D     E     F     G     H     I   
 ╔═════╦═════╦═════╦═════╦═════╦═════╦═════╦═════╦═════╗
1║     ║  [40m[0;93m[43mM[0m  ║     ║  [40m[0;93m[43mM[0m  ║  [40m[0;93m[43mM[0m  ║  [40m[0;93m[43mM[0m  ║     ║     ║     ║
 ╠═════╬═════╬═════╬═════╬═════╬═════╬═════╬═════╬═════╣
2║     ║     ║     ║     ║  [40m[0;93m[43mM[0m  ║     ║     ║     ║     ║
 ╠═════╬═════╬═════╬═════╬═════╬═════╬═════╬═════╬═════╣
3║     ║     ║     ║     ║  [40m[0;92m[42mS[0m  ║     ║     ║     ║     ║
 ╠═════╬═════╬═════╬═════╬═════╬═════╬═════╬═════╬═════╣
4║  [40m[0;93m[43mM[0m  ║     ║     ║     ║  [40m[0;92m[42mS[0m  ║  [40m[0;92m[42mS[0m  ║     ║     ║  [40m[0;93m[43mM[0m  ║
 ╠═════╬═════╬═════╬═════╬═════╬═════╬═════╬═════╬═════╣
5║  [40m[0;93m[43mM[0m  ║     ║  [40m[0;92m[42mS[0m  ║  [40m[0;92m[42mS[0m  ║     ║     ║     ║  [40m[1;92m[0;104mK[0m  ║  [40m[0;93m[43mM[0m  ║
 ╠═════╬═════╬═════╬═════╬═════╬═════╬═════╬═════╬═════╣
6║  [40m[0;93m[43mM[0m  ║     ║     ║     ║  [40m[0;92m[42mS[0m  ║     ║     ║  [40m[0;92m[42mS[0m  ║  [40m[0;93m[43mM[0m  ║
 ╠═════╬═════╬═════╬═════╬═════╬═════╬═════╬═════╬═════╣
7║     ║     ║     ║     ║  [40m[0;92m[42mS[0m  ║     ║  [40m[0;93m[43mM[0m  ║     ║     ║
 ╠═════╬═════╬═════╬═════╬═════╬═════╬═════╬═════╬═════╣
8║     ║     ║     ║     ║  [40m[0;93m[43mM[0m  ║     ║     ║     ║     ║
 ╠═════╬═════╬═════╬═════╬═════╬═════╬═════╬═════╬═════╣
9║     ║     ║     ║  [40m[0;93m[43mM[0m  ║  [40m[0;93m[43mM[0m  ║     ║     ║     ║     ║
 ╚═════╩═════╩═════╩═════╩═════╩═════╩═════╩═════╩═════╝

Player 1 : Tuichi!

computer2                                               
    A     B     C     D     E     F     G     H     I   
 ╔═════╦═════╦═════╦═════╦═════╦═════╦═════╦═════╦═════╗
1║     ║  [40m[0;93m[43mM[0m  ║     ║  [40m[0;93m[43mM[0m  ║  [40m[0;93m[43mM[0m  ║  [40m[0;93m[43mM[0m  ║     ║     ║     ║
 ╠═════╬═════╬═════╬═════╬═════╬═════╬═════╬═════╬═════╣
2║     ║     ║     ║     ║  [40m[0;93m[43mM[0m  ║     ║     ║     ║     ║
 ╠═════╬═════╬═════╬═════╬═════╬═════╬═════╬═════╬═════╣
3║     ║     ║     ║     ║  [40m[0;92m[42mS[0m  ║     ║     ║     ║     ║
 ╠═════╬═════╬═════╬═════╬═════╬═════╬═════╬═════╬═════╣
4║  [40m[0;93m[43mM[0m  ║     ║     ║  [40m[0;92m[42mS[0m  ║  [40m[0;92m[42mS[0m  ║  [40m[0;92m[42mS[0m  ║     ║     ║  [40m[0;93m[43mM[0m  ║
 ╠═════╬═════╬═════╬═════╬═════╬═════╬═════╬═════╬═════╣
5║  [40m[0;93m[43mM[0m  ║     ║  [40m[0;92m[42mS[0m  ║     ║     ║     ║     ║  [40m[1;92m[0;104mK[0m  ║  [40m[0;93m[43mM[0m  ║
 ╠═════╬═════╬═════╬═════╬═════╬═════╬═════╬═════╬═════╣
6║  [40m[0;93m[43mM[0m  ║     ║     ║     ║  [40m[0;92m[42mS[0m  ║     ║     ║  [40m[0;92m[42mS[0m  ║  [40m[0;93m[43mM[0m  ║
 ╠═════╬═════╬═════╬═════╬═════╬═════╬═════╬═════╬═════╣
7║     ║     ║     ║     ║  [40m[0;92m[42mS[0m  ║     ║  [40m[0;93m[43mM[0m  ║     ║     ║
 ╠═════╬═════╬═════╬═════╬═════╬═════╬═════╬═════╬═════╣
8║     ║     ║     ║     ║  [40m[0;93m[43mM[0m  ║     ║     ║     ║     ║
 ╠═════╬═════╬═════╬═════╬═════╬═════╬═════╬═════╬═════╣
9║     ║     ║     ║  [40m[0;93m[43mM[0m  ║  [40m[0;93m[43mM[0m  ║     ║     ║     ║     ║
 ╚═════╩═════╩═════╩═════╩═════╩═════╩═════╩═════╩═════╝

Player 1 : Raichi

computer1                                               
    A     B     C     D     E     F     G     H     I   
 ╔═════╦═════╦═════╦═════╦═════╦═════╦═════╦═════╦═════╗
1║     ║  [40m[0;93m[43mM[0m  ║     ║  [40m[0;93m[43mM[0m  ║  [40m[0;93m[43mM[0m  ║  [40m[0;93m[43mM[0m  ║     ║     ║     ║
 ╠═════╬═════╬═════╬═════╬═════╬═════╬═════╬═════╬═════╣
2║     ║     ║     ║     ║  [40m[0;93m[43mM[0m  ║     ║     ║     ║     ║
 ╠═════╬═════╬═════╬═════╬═════╬═════╬═════╬═════╬═════╣
3║     ║     ║     ║     ║  [40m[0;92m[42mS[0m  ║     ║     ║     ║     ║
 ╠═════╬═════╬═════╬═════╬═════╬═════╬═════╬═════╬═════╣
4║  [40m[0;93m[43mM[0m  ║     ║     ║  [40m[0;92m[42mS[0m  ║  [40m[0;92m[42mS[0m  ║  [40m[0;92m[42mS[0m  ║     ║  [40m[0;93m[43mM[0m  ║     ║
 ╠═════╬═════╬═════╬═════╬═════╬═════╬═════╬═════╬═════╣
5║  [40m[0;93m[43mM[0m  ║     ║  [40m[0;92m[42mS[0m  ║     ║     ║     ║     ║  [40m[1;92m[0;104mK[0m  ║  [40m[0;93m[43mM[0m  ║
 ╠═════╬═════╬═════╬═════╬═════╬═════╬═════╬═════╬═════╣
6║  [40m[0;93m[43mM[0m  ║     ║     ║     ║  [40m[0;92m[42mS[0m  ║     ║     ║  [40m[0;92m[42mS[0m  ║  [40m[0;93m[43mM[0m  ║
 ╠═════╬═════╬═════╬═════╬═════╬═════╬═════╬═════╬═════╣
7║     ║     ║     ║     ║  [40m[0;92m[42mS[0m  ║     ║  [40m[0;93m[43mM[0m  ║     ║     ║
 ╠═════╬═════╬═════╬═════╬═════╬═════╬═════╬═════╬═════╣
8║     ║     ║     ║     ║  [40m[0;93m[43mM[0m  ║     ║     ║     ║     ║
 ╠═════╬═════╬═════╬═════╬═════╬═════╬═════╬═════╬═════╣
9║     ║     ║     ║  [40m[0;93m[43mM[0m  ║  [40m[0;93m[43mM[0m  ║     ║     ║     ║     ║
 ╚═════╩═════╩═════╩═════╩═════╩═════╩═════╩═════╩═════╝

Player 1 : Tuichi!

computer2                                               
    A     B     C     D     E     F     G     H     I   
 ╔═════╦═════╦═════╦═════╦═════╦═════╦═════╦═════╦═════╗
1║     ║  [40m[0;93m[43mM[0m  ║     ║  [40m[0;93m[43mM[0m  ║  [40m[0;93m[43mM[0m  ║  [40m[0;93m[43mM[0m  ║     ║     ║     ║
 ╠═════╬═════╬═════╬═════╬═════╬═════╬═════╬═════╬═════╣
2║     ║     ║     ║     ║  [40m[0;93m[43mM[0m  ║     ║     ║     ║     ║
 ╠═════╬═════╬═════╬═════╬═════╬═════╬═════╬═════╬═════╣
3║     ║     ║     ║     ║  [40m[0;92m[42mS[0m  ║     ║     ║     ║     ║
 ╠═════╬═════╬═════╬═════╬═════╬═════╬═════╬═════╬═════╣
4║  [40m[0;93m[43mM[0m  ║     ║     ║  [40m[0;92m[42mS[0m  ║  [40m[0;92m[42mS[0m  ║  [40m[0;92m[42mS[0m  ║     ║  [40m[0;93m[43mM[0m  ║     ║
 ╠═════╬═════╬═════╬═════╬═════╬═════╬═════╬═════╬═════╣
5║  [40m[0;93m[43mM[0m  ║     ║  [40m[0;92m[42mS[0m  ║     ║     ║     ║     ║  [40m[1;92m[0;104mK[0m  ║  [40m[0;93m[43mM[0m  ║
 ╠═════╬═════╬═════╬═════╬═════╬═════╬═════╬═════╬═════╣
6║  [40m[0;93m[43mM[0m  ║     ║     ║     ║  [40m[0;92m[42mS[0m  ║     ║  [40m[0;92m[42mS[0m  ║     ║  [40m[0;93m[43mM[0m  ║
 ╠═════╬═════╬═════╬═════╬═════╬═════╬═════╬═════╬═════╣
7║     ║     ║     ║     ║  [40m[0;92m[42mS[0m  ║     ║  [40m[0;93m[43mM[0m  ║     ║     ║
 ╠═════╬═════╬═════╬═════╬═════╬═════╬═════╬═════╬═════╣
8║     ║     ║     ║     ║  [40m[0;93m[43mM[0m  ║     ║     ║     ║     ║
 ╠═════╬═════╬═════╬═════╬═════╬═════╬═════╬═════╬═════╣
9║     ║     ║     ║  [40m[0;93m[43mM[0m  ║  [40m[0;93m[43mM[0m  ║     ║     ║     ║     ║
 ╚═════╩═════╩═════╩═════╩═════╩═════╩═════╩═════╩═════╝

Player 1 : Raichi

computer1                                               
    A     B     C     D     E     F     G     H     I   
 ╔═════╦═════╦═════╦═════╦═════╦═════╦═════╦═════╦═════╗
1║     ║  [40m[0;93m[43mM[0m  ║     ║  [40m[0;93m[43mM[0m  ║  [40m[0;93m[43mM[0m  ║  [40m[0;93m[43mM[0m  ║     ║     ║     ║
 ╠═════╬═════╬═════╬═════╬═════╬═════╬═════╬═════╬═════╣
2║     ║     ║     ║     ║  [40m[0;93m[43mM[0m  ║     ║     ║     ║     ║
 ╠═════╬═════╬═════╬═════╬═════╬═════╬═════╬═════╬═════╣
3║     ║     ║     ║     ║  [40m[0;92m[42mS[0m  ║     ║     ║     ║     ║
 ╠═════╬═════╬═════╬═════╬═════╬═════╬═════╬═════╬═════╣
4║  [40m[0;93m[43mM[0m  ║     ║     ║  [40m[0;92m[42mS[0m  ║  [40m[0;92m[42mS[0m  ║  [40m[0;92m[42mS[0m  ║     ║  [40m[0;93m[43mM[0m  ║     ║
 ╠═════╬═════╬═════╬═════╬═════╬═════╬═════╬═════╬═════╣
5║  [40m[0;93m[43mM[0m  ║     ║  [40m[0;92m[42mS[0m  ║  [40m[0;93m[43mM[0m  ║     ║     ║     ║  [40m[1;92m[0;104mK[0m  ║  [40m[0;93m[43mM[0m  ║
 ╠═════╬═════╬═════╬═════╬═════╬═════╬═════╬═════╬═════╣
6║  [40m[0;93m[43mM[0m  ║     ║     ║     ║  [40m[0;92m[42mS[0m  ║     ║  [40m[0;92m[42mS[0m  ║     ║  [40m[0;93m[43mM[0m  ║
 ╠═════╬═════╬═════╬═════╬═════╬═════╬═════╬═════╬═════╣
7║     ║     ║     ║     ║  [40m[0;92m[42mS[0m  ║     ║  [40m[0;93m[43mM[0m  ║     ║     ║
 ╠═════╬═════╬═════╬═════╬═════╬═════╬═════╬═════╬═════╣
8║     ║     ║     ║     ║  [40m[0;93m[43mM[0m  ║     ║     ║     ║     ║
 ╠═════╬═════╬═════╬═════╬═════╬═════╬═════╬═════╬═════╣
9║     ║     ║     ║     ║  [40m[0;93m[43mM[0m  ║     ║     ║     ║     ║
 ╚═════╩═════╩═════╩═════╩═════╩═════╩═════╩═════╩═════╝

Player 1 : Raichi

computer2                                               
    A     B     C     D     E     F     G     H     I   
 ╔═════╦═════╦═════╦═════╦═════╦═════╦═════╦═════╦═════╗
1║     ║  [40m[0;93m[43mM[0m  ║     ║  [40m[0;93m[43mM[0m  ║  [40m[0;93m[43mM[0m  ║  [40m[0;93m[43mM[0m  ║     ║     ║     ║
 ╠═════╬═════╬═════╬═════╬═════╬═════╬═════╬═════╬═════╣
2║     ║     ║     ║     ║  [40m[0;93m[43mM[0m  ║     ║     ║     ║     ║
 ╠═════╬═════╬═════╬═════╬═════╬═════╬═════╬═════╬═════╣
3║     ║     ║     ║     ║  [40m[0;92m[42mS[0m  ║     ║     ║     ║     ║
 ╠═════╬═════╬═════╬═════╬═════╬═════╬═════╬═════╬═════╣
4║  [40m[0;93m[43mM[0m  ║     ║     ║  [40m[0;92m[42mS[0m  ║  [40m[0;92m[42mS[0m  ║  [40m[0;92m[42mS[0m  ║     ║  [40m[0;93m[43mM[0m  ║     ║
 ╠═════╬═════╬═════╬═════╬═════╬═════╬═════╬═════╬═════╣
5║  [40m[0;93m[43mM[0m  ║     ║  [40m[0;92m[42mS[0m  ║  [40m[0;93m[43mM[0m  ║     ║     ║     ║  [40m[1;92m[0;104mK[0m  ║  [40m[0;93m[43mM[0m  ║
 ╠═════╬═════╬═════╬═════╬═════╬═════╬═════╬═════╬═════╣
6║  [40m[0;93m[43mM[0m  ║     ║  [40m[0;92m[42mS[0m  ║     ║     ║     ║  [40m[0;92m[42mS[0m  ║     ║  [40m[0;93m[43mM[0m  ║
 ╠═════╬═════╬═════╬═════╬═════╬═════╬═════╬═════╬═════╣
7║     ║     ║     ║     ║  [40m[0;92m[42mS[0m  ║     ║  [40m[0;93m[43mM[0m  ║     ║     ║
 ╠═════╬═════╬═════╬═════╬═════╬═════╬═════╬═════╬═════╣
8║     ║     ║     ║     ║  [40m[0;93m[43mM[0m  ║     ║     ║     ║     ║
 ╠═════╬═════╬═════╬═════╬═════╬═════╬═════╬═════╬═════╣
9║     ║     ║     ║     ║  [40m[0;93m[43mM[0m  ║     ║     ║     ║     ║
 ╚═════╩═════╩═════╩═════╩═════╩═════╩═════╩═════╩═════╝
computer1                                               
    A     B     C     D     E     F     G     H     I   
 ╔═════╦═════╦═════╦═════╦═════╦═════╦═════╦═════╦═════╗
1║     ║  [40m[0;93m[43mM[0m  ║     ║  [40m[0;93m[43mM[0m  ║  [40m[0;93m[43mM[0m  ║  [40m[0;93m[43mM[0m  ║     ║     ║     ║
 ╠═════╬═════╬═════╬═════╬═════╬═════╬═════╬═════╬═════╣
2║     ║     ║     ║     ║  [40m[0;93m[43mM[0m  ║     ║     ║     ║     ║
 ╠═════╬═════╬═════╬═════╬═════╬═════╬═════╬═════╬═════╣
3║     ║     ║     ║     ║  [40m[0;92m[42mS[0m  ║     ║     ║     ║     ║
 ╠═════╬═════╬═════╬═════╬═════╬═════╬═════╬═════╬═════╣
4║  [40m[0;93m[43mM[0m  ║     ║     ║  [40m[0;92m[42mS[0m  ║  [40m[0;92m[42mS[0m  ║  [40m[0;92m[42mS[0m  ║     ║  [40m[0;93m[43mM[0m  ║     ║
 ╠═════╬═════╬═════╬═════╬═════╬═════╬═════╬═════╬═════╣
5║  [40m[0;93m[43mM[0m  ║     ║  [40m[0;92m[42mS[0m  ║  [40m[0;93m[43mM[0m  ║     ║     ║     ║  [40m[1;92m[0;104mK[0m  ║  [40m[0;93m[43mM[0m  ║
 ╠═════╬═════╬═════╬═════╬═════╬═════╬═════╬═════╬═════╣
6║  [40m[0;93m[43mM[0m  ║     ║  [40m[0;92m[42mS[0m  ║     ║     ║     ║  [40m[0;92m[42mS[0m  ║  [40m[0;93m[43mM[0m  ║     ║
 ╠═════╬═════╬═════╬═════╬═════╬═════╬═════╬═════╬═════╣
7║     ║     ║     ║     ║  [40m[0;92m[42mS[0m  ║     ║  [40m[0;93m[43mM[0m  ║     ║     ║
 ╠═════╬═════╬═════╬═════╬═════╬═════╬═════╬═════╬═════╣
8║     ║     ║     ║     ║  [40m[0;93m[43mM[0m  ║     ║     ║     ║     ║
 ╠═════╬═════╬═════╬═════╬═════╬═════╬═════╬═════╬═════╣
9║     ║     ║     ║     ║  [40m[0;93m[43mM[0m  ║     ║     ║     ║     ║
 ╚═════╩═════╩═════╩═════╩═════╩═════╩═════╩═════╩═════╝

Player 1 : Raichi

computer2                                               
    A     B     C     D     E     F     G     H     I   
 ╔═════╦═════╦═════╦═════╦═════╦═════╦═════╦═════╦═════╗
1║     ║  [40m[0;93m[43mM[0m  ║     ║  [40m[0;93m[43mM[0m  ║  [40m[0;93m[43mM[0m  ║  [40m[0;93m[43mM[0m  ║     ║     ║     ║
 ╠═════╬═════╬═════╬═════╬═════╬═════╬═════╬═════╬═════╣
2║     ║     ║     ║     ║  [40m[0;93m[43mM[0m  ║     ║     ║     ║     ║
 ╠═════╬═════╬═════╬═════╬═════╬═════╬═════╬═════╬═════╣
3║     ║     ║     ║     ║  [40m[0;92m[42mS[0m  ║     ║     ║     ║     ║
 ╠═════╬═════╬═════╬═════╬═════╬═════╬═════╬═════╬═════╣
4║  [40m[0;93m[43mM[0m  ║     ║     ║  [40m[0;92m[42mS[0m  ║  [40m[0;92m[42mS[0m  ║  [40m[0;92m[42mS[0m  ║     ║  [40m[0;93m[43mM[0m  ║     ║
 ╠═════╬═════╬═════╬═════╬═════╬═════╬═════╬═════╬═════╣
5║  [40m[0;93m[43mM[0m  ║     ║  [40m[0;92m[42mS[0m  ║     ║     ║     ║     ║  [40m[1;92m[0;104mK[0m  ║  [40m[0;93m[43mM[0m  ║
 ╠═════╬═════╬═════╬═════╬═════╬═════╬═════╬═════╬═════╣
6║  [40m[0;93m[43mM[0m  ║     ║     ║  [40m[0;92m[42mS[0m  ║     ║     ║  [40m[0;92m[42mS[0m  ║  [40m[0;93m[43mM[0m  ║     ║
 ╠═════╬═════╬═════╬═════╬═════╬═════╬═════╬═════╬═════╣
7║     ║     ║     ║     ║  [40m[0;92m[42mS[0m  ║     ║  [40m[0;93m[43mM[0m  ║     ║     ║
 ╠═════╬═════╬═════╬═════╬═════╬═════╬═════╬═════╬═════╣
8║     ║     ║     ║     ║  [40m[0;93m[43mM[0m  ║     ║     ║     ║     ║
 ╠═════╬═════╬═════╬═════╬═════╬═════╬═════╬═════╬═════╣
9║     ║     ║     ║     ║  [40m[0;93m[43mM[0m  ║     ║     ║     ║     ║
 ╚═════╩═════╩═════╩═════╩═════╩═════╩═════╩═════╩═════╝

Player 1 : Raichi

computer1                                               
    A     B     C     D     E     F     G     H     I   
 ╔═════╦═════╦═════╦═════╦═════╦═════╦═════╦═════╦═════╗
1║     ║  [40m[0;93m[43mM[0m  ║     ║  [40m[0;93m[43mM[0m  ║  [40m[0;93m[43mM[0m  ║  [40m[0;93m[43mM[0m  ║     ║     ║     ║
 ╠═════╬═════╬═════╬═════╬═════╬═════╬═════╬═════╬═════╣
2║     ║     ║     ║     ║     ║     ║  [40m[0;93m[43mM[0m  ║     ║     ║
 ╠═════╬═════╬═════╬═════╬═════╬═════╬═════╬═════╬═════╣
3║     ║     ║     ║     ║  [40m[0;92m[42mS[0m  ║     ║     ║     ║     ║
 ╠═════╬═════╬═════╬═════╬═════╬═════╬═════╬═════╬═════╣
4║  [40m[0;93m[43mM[0m  ║     ║     ║  [40m[0;92m[42mS[0m  ║  [40m[0;92m[42mS[0m  ║  [40m[0;92m[42mS[0m  ║     ║  [40m[0;93m[43mM[0m  ║     ║
 ╠═════╬═════╬═════╬═════╬═════╬═════╬═════╬═════╬═════╣
5║  [40m[0;93m[43mM[0m  ║     ║  [40m[0;92m[42mS[0m  ║     ║     ║     ║     ║  [40m[1;92m[0;104mK[0m  ║  [40m[0;93m[43mM[0m  ║
 ╠═════╬═════╬═════╬═════╬═════╬═════╬═════╬═════╬═════╣
6║  [40m[0;93m[43mM[0m  ║     ║     ║  [40m[0;92m[42mS[0m  ║     ║     ║  [40m[0;92m[42mS[0m  ║  [40m[0;93m[43mM[0m  ║     ║
 ╠═════╬═════╬═════╬═════╬═════╬═════╬═════╬═════╬═════╣
7║     ║     ║     ║     ║  [40m[0;92m[42mS[0m  ║     ║  [40m[0;93m[43mM[0m  ║     ║     ║
 ╠═════╬═════╬═════╬═════╬═════╬═════╬═════╬═════╬═════╣
8║     ║     ║     ║     ║  [40m[0;93m[43mM[0m  ║     ║     ║     ║     ║
 ╠═════╬═════╬═════╬═════╬═════╬═════╬═════╬═════╬═════╣
9║     ║     ║     ║     ║  [40m[0;93m[43mM[0m  ║     ║     ║     ║     ║
 ╚═════╩═════╩═════╩═════╩═════╩═════╩═════╩═════╩═════╝

Player 1 : Raichi

computer2                                               
    A     B     C     D     E     F     G     H     I   
 ╔═════╦═════╦═════╦═════╦═════╦═════╦═════╦═════╦═════╗
1║     ║  [40m[0;93m[43mM[0m  ║     ║  [40m[0;93m[43mM[0m  ║  [40m[0;93m[43mM[0m  ║  [40m[0;93m[43mM[0m  ║     ║     ║     ║
 ╠═════╬═════╬═════╬═════╬═════╬═════╬═════╬═════╬═════╣
2║     ║     ║     ║     ║     ║     ║  [40m[0;93m[43mM[0m  ║     ║     ║
 ╠═════╬═════╬═════╬═════╬═════╬═════╬═════╬═════╬═════╣
3║     ║     ║     ║     ║  [40m[0;92m[42mS[0m  ║     ║     ║     ║     ║
 ╠═════╬═════╬═════╬═════╬═════╬═════╬═════╬═════╬═════╣
4║  [40m[0;93m[43mM[0m  ║     ║     ║  [40m[0;92m[42mS[0m  ║  [40m[0;92m[42mS[0m  ║  [40m[0;92m[42mS[0m  ║     ║  [40m[0;93m[43mM[0m  ║     ║
 ╠═════╬═════╬═════╬═════╬═════╬═════╬═════╬═════╬═════╣
5║  [40m[0;93m[43mM[0m  ║     ║  [40m[0;92m[42mS[0m  ║     ║     ║  [40m[1;92m[0;104mK[0m  ║     ║     ║  [40m[0;93m[43mM[0m  ║
 ╠═════╬═════╬═════╬═════╬═════╬═════╬═════╬═════╬═════╣
6║  [40m[0;93m[43mM[0m  ║     ║     ║  [40m[0;92m[42mS[0m  ║     ║     ║  [40m[0;92m[42mS[0m  ║  [40m[0;93m[43mM[0m  ║     ║
 ╠═════╬═════╬═════╬═════╬═════╬═════╬═════╬═════╬═════╣
7║     ║     ║     ║     ║  [40m[0;92m[42mS[0m  ║     ║  [40m[0;93m[43mM[0m  ║     ║     ║
 ╠═════╬═════╬═════╬═════╬═════╬═════╬═════╬═════╬═════╣
8║     ║     ║     ║     ║  [40m[0;93m[43mM[0m  ║     ║     ║     ║     ║
 ╠═════╬═════╬═════╬═════╬═════╬═════╬═════╬═════╬═════╣
9║     ║     ║     ║     ║  [40m[0;93m[43mM[0m  ║     ║     ║     ║     ║
 ╚═════╩═════╩═════╩═════╩═════╩═════╩═════╩═════╩═════╝

Player 1 : Raichi

computer1                                               
    A     B     C     D     E     F     G     H     I   
 ╔═════╦═════╦═════╦═════╦═════╦═════╦═════╦═════╦═════╗
1║     ║     ║     ║  [40m[0;93m[43mM[0m  ║  [40m[0;93m[43mM[0m  ║  [40m[0;93m[43mM[0m  ║     ║     ║     ║
 ╠═════╬═════╬═════╬═════╬═════╬═════╬═════╬═════╬═════╣
2║     ║     ║     ║     ║     ║     ║  [40m[0;93m[43mM[0m  ║     ║     ║
 ╠═════╬═════╬═════╬═════╬═════╬═════╬═════╬═════╬═════╣
3║     ║  [40m[0;93m[43mM[0m  ║     ║     ║  [40m[0;92m[42mS[0m  ║     ║     ║     ║     ║
 ╠═════╬═════╬═════╬═════╬═════╬═════╬═════╬═════╬═════╣
4║  [40m[0;93m[43mM[0m  ║     ║     ║  [40m[0;92m[42mS[0m  ║  [40m[0;92m[42mS[0m  ║  [40m[0;92m[42mS[0m  ║     ║  [40m[0;93m[43mM[0m  ║     ║
 ╠═════╬═════╬═════╬═════╬═════╬═════╬═════╬═════╬═════╣
5║  [40m[0;93m[43mM[0m  ║     ║  [40m[0;92m[42mS[0m  ║     ║     ║  [40m[1;92m[0;104mK[0m  ║     ║     ║  [40m[0;93m[43mM[0m  ║
 ╠═════╬═════╬═════╬═════╬═════╬═════╬═════╬═════╬═════╣
6║  [40m[0;93m[43mM[0m  ║     ║     ║  [40m[0;92m[42mS[0m  ║     ║     ║  [40m[0;92m[42mS[0m  ║  [40m[0;93m[43mM[0m  ║     ║
 ╠═════╬═════╬═════╬═════╬═════╬═════╬═════╬═════╬═════╣
7║     ║     ║     ║     ║  [40m[0;92m[42mS[0m  ║     ║  [40m[0;93m[43mM[0m  ║     ║     ║
 ╠═════╬═════╬═════╬═════╬═════╬═════╬═════╬═════╬═════╣
8║     ║     ║     ║     ║  [40m[0;93m[43mM[0m  ║     ║     ║     ║     ║
 ╠═════╬═════╬═════╬═════╬═════╬═════╬═════╬═════╬═════╣
9║     ║     ║     ║     ║  [40m[0;93m[43mM[0m  ║     ║     ║     ║     ║
 ╚═════╩═════╩═════╩═════╩═════╩═════╩═════╩═════╩═════╝

Player 1 : Tuichi!

Winner is player 1 : king reached an edge g
computer2                                               
    A     B     C     D     E     F     G     H     I   
 ╔═════╦═════╦═════╦═════╦═════╦═════╦═════╦═════╦═════╗
1║     ║     ║     ║  [40m[0;93m[43mM[0m  ║  [40m[0;93m[43mM[0m  ║  [40m[0;93m[43mM[0m  ║     ║     ║     ║
 ╠═════╬═════╬═════╬═════╬═════╬═════╬═════╬═════╬═════╣
2║     ║     ║     ║     ║     ║     ║  [40m[0;93m[43mM[0m  ║     ║     ║
 ╠═════╬═════╬═════╬═════╬═════╬═════╬═════╬═════╬═════╣
3║     ║  [40m[0;93m[43mM[0m  ║     ║     ║  [40m[0;92m[42mS[0m  ║     ║     ║     ║     ║
 ╠═════╬═════╬═════╬═════╬═════╬═════╬═════╬═════╬═════╣
4║  [40m[0;93m[43mM[0m  ║     ║     ║  [40m[0;92m[42mS[0m  ║  [40m[0;92m[42mS[0m  ║  [40m[0;92m[42mS[0m  ║     ║  [40m[0;93m[43mM[0m  ║     ║
 ╠═════╬═════╬═════╬═════╬═════╬═════╬═════╬═════╬═════╣
5║  [40m[0;93m[43mM[0m  ║     ║  [40m[0;92m[42mS[0m  ║     ║     ║     ║     ║     ║  [40m[0;93m[43mM[0m  ║
 ╠═════╬═════╬═════╬═════╬═════╬═════╬═════╬═════╬═════╣
6║  [40m[0;93m[43mM[0m  ║     ║     ║  [40m[0;92m[42mS[0m  ║     ║     ║  [40m[0;92m[42mS[0m  ║  [40m[0;93m[43mM[0m  ║     ║
 ╠═════╬═════╬═════╬═════╬═════╬═════╬═════╬═════╬═════╣
7║     ║     ║     ║     ║  [40m[0;92m[42mS[0m  ║     ║  [40m[0;93m[43mM[0m  ║     ║     ║
 ╠═════╬═════╬═════╬═════╬═════╬═════╬═════╬═════╬═════╣
8║     ║     ║     ║     ║  [40m[0;93m[43mM[0m  ║     ║     ║     ║     ║
 ╠═════╬═════╬═════╬═════╬═════╬═════╬═════╬═════╬═════╣
9║     ║     ║     ║     ║  [40m[0;93m[43mM[0m  ║  [40m[1;92m[0;104mK[0m  ║     ║     ║     ║
 ╚═════╩═════╩═════╩═════╩═════╩═════╩═════╩═════╩═════╝
computer1 wins
id winner : 0
